<?xml version="1.0" encoding="UTF-8"?>
<testng-results ignored="0" total="1" passed="1" failed="0" skipped="0">
  <reporter-output>
  </reporter-output>
  <suite started-at="2021-11-16T00:34:07 IST" name="Default suite" finished-at="2021-11-16T00:34:49 IST" duration-ms="42511">
    <groups>
    </groups>
    <test started-at="2021-11-16T00:34:07 IST" name="Default test" finished-at="2021-11-16T00:34:49 IST" duration-ms="42511">
      <class name="sampleTest.SampleTest1">
        <test-method is-config="true" signature="sampletest1()[pri:0, instance:sampleTest.SampleTest1@124c278f]" started-at="2021-11-16T00:34:07 IST" name="sampletest1" finished-at="2021-11-16T00:34:27 IST" duration-ms="20078" status="PASS">
          <reporter-output>
          </reporter-output>
        </test-method> <!-- sampletest1 -->
        <test-method signature="samplelogin()[pri:0, instance:sampleTest.SampleTest1@124c278f]" started-at="2021-11-16T00:34:27 IST" name="samplelogin" finished-at="2021-11-16T00:34:49 IST" duration-ms="22348" status="PASS">
          <reporter-output>
          </reporter-output>
        </test-method> <!-- samplelogin -->
      </class> <!-- sampleTest.SampleTest1 -->
    </test> <!-- Default test -->
  </suite> <!-- Default suite -->
</testng-results>
